2021-12-17 17:58:22 - [INFO ] - com.bonedone.dao.Impl.UserDaoImpl:28 - done
2021-12-17 18:00:46 - [INFO ] - com.bonedone.dao.Impl.UserDaoImpl:28 - done
2021-12-17 18:05:44 - [INFO ] - com.bonedone.dao.Impl.UserDaoImpl:28 - done
2021-12-17 18:07:52 - [INFO ] - com.bonedone.dao.Impl.UserDaoImpl:28 - done
2021-12-17 18:18:40 - [INFO ] - com.bonedone.dao.Impl.UserDaoImpl:110 - user with ID 1was deleted
2021-12-17 18:22:30 - [INFO ] - com.bonedone.dao.Impl.UserDaoImpl:130 - user with ID 5 was updated
2021-12-17 18:22:54 - [WARN ] - com.bonedone.dao.Impl.UserDaoImpl:147 - user with ID 6 not found
2021-12-17 18:22:54 - [WARN ] - com.bonedone.dao.Impl.UserDaoImpl:135 - user with ID 6 was not updated
2021-12-17 18:23:57 - [INFO ] - com.bonedone.dao.Impl.UserDaoImpl:111 - user with ID 5was deleted
2021-12-17 18:25:14 - [INFO ] - com.bonedone.dao.Impl.UserDaoImpl:111 - user with ID 5 was deleted
2021-12-18 00:28:38 - [WARN ] - com.bonedone.dao.Impl.UserDaoImpl:113 - user with ID 5 was NOT deleted
2021-12-18 00:36:47 - [ERROR] - com.bonedone.dao.Impl.UserDaoImpl:69 - java.sql.SQLException: Illegal operation on empty result set.
2021-12-18 00:41:24 - [WARN ] - com.bonedone.dao.Impl.UserDaoImpl:58 - user with ID 5 NOT found
2021-12-18 00:42:04 - [WARN ] - com.bonedone.dao.Impl.UserDaoImpl:145 - user with ID 5 NOT found
2021-12-18 00:42:04 - [WARN ] - com.bonedone.dao.Impl.UserDaoImpl:133 - user with ID 5 was NOT updated
2021-12-18 00:42:04 - [WARN ] - com.bonedone.dao.Impl.UserDaoImpl:58 - user with ID 5 NOT found
2021-12-18 00:43:23 - [ERROR] - com.bonedone.dao.Impl.UserDaoImpl:30 - java.sql.SQLIntegrityConstraintViolationException: Duplicate entry 'aaa' for key 'user.email'
2021-12-18 00:44:46 - [WARN ] - com.bonedone.dao.Impl.UserDaoImpl:58 - user with ID 4 NOT found
2021-12-18 00:50:09 - [ERROR] - com.bonedone.dao.Impl.UserDaoImpl:59 - java.lang.NullPointerException: user with ID 4 NOT found
2021-12-25 16:39:00 - [ERROR] - com.bonedone.dao.Impl.UserDaoImpl:59 - java.lang.NullPointerException: user with ID 4 NOT found
